c:\wolfdev\wolfrenderer\wolfrenderer\wolfrenderer\vendor\sdl3\bin-int\release-windows-x86_64\sdl3\sdl3.pch
c:\wolfdev\wolfrenderer\wolfrenderer\wolfrenderer\vendor\sdl3\bin\release-windows-x86_64\sdl3\sdl3.pdb
c:\wolfdev\wolfrenderer\wolfrenderer\wolfrenderer\vendor\sdl3\bin-int\release-windows-x86_64\sdl3\pch.obj
c:\wolfdev\wolfrenderer\wolfrenderer\wolfrenderer\vendor\sdl3\bin-int\release-windows-x86_64\sdl3\sdl_hid.obj
c:\wolfdev\wolfrenderer\wolfrenderer\wolfrenderer\vendor\sdl3\bin-int\release-windows-x86_64\sdl3\sdl_wasapi_win32.obj
c:\wolfdev\wolfrenderer\wolfrenderer\wolfrenderer\vendor\sdl3\bin-int\release-windows-x86_64\sdl3\sdl_wasapi.obj
c:\wolfdev\wolfrenderer\wolfrenderer\wolfrenderer\vendor\sdl3\bin-int\release-windows-x86_64\sdl3\sdl_dummyaudio.obj
c:\wolfdev\wolfrenderer\wolfrenderer\wolfrenderer\vendor\sdl3\bin-int\release-windows-x86_64\sdl3\sdl_diskaudio.obj
c:\wolfdev\wolfrenderer\wolfrenderer\wolfrenderer\vendor\sdl3\bin-int\release-windows-x86_64\sdl3\sdl_directsound.obj
c:\wolfdev\wolfrenderer\wolfrenderer\wolfrenderer\vendor\sdl3\bin-int\release-windows-x86_64\sdl3\sdl_wave.obj
c:\wolfdev\wolfrenderer\wolfrenderer\wolfrenderer\vendor\sdl3\bin-int\release-windows-x86_64\sdl3\sdl_mixer.obj
c:\wolfdev\wolfrenderer\wolfrenderer\wolfrenderer\vendor\sdl3\bin-int\release-windows-x86_64\sdl3\sdl_audiotypecvt.obj
c:\wolfdev\wolfrenderer\wolfrenderer\wolfrenderer\vendor\sdl3\bin-int\release-windows-x86_64\sdl3\sdl_audiodev.obj
c:\wolfdev\wolfrenderer\wolfrenderer\wolfrenderer\vendor\sdl3\bin-int\release-windows-x86_64\sdl3\sdl_audiocvt.obj
c:\wolfdev\wolfrenderer\wolfrenderer\wolfrenderer\vendor\sdl3\bin-int\release-windows-x86_64\sdl3\sdl_audio.obj
c:\wolfdev\wolfrenderer\wolfrenderer\wolfrenderer\vendor\sdl3\bin-int\release-windows-x86_64\sdl3\sdl_spinlock.obj
c:\wolfdev\wolfrenderer\wolfrenderer\wolfrenderer\vendor\sdl3\bin-int\release-windows-x86_64\sdl3\sdl_atomic.obj
c:\wolfdev\wolfrenderer\wolfrenderer\wolfrenderer\vendor\sdl3\bin-int\release-windows-x86_64\sdl3\sdl_log.obj
c:\wolfdev\wolfrenderer\wolfrenderer\wolfrenderer\vendor\sdl3\bin-int\release-windows-x86_64\sdl3\sdl_list.obj
c:\wolfdev\wolfrenderer\wolfrenderer\wolfrenderer\vendor\sdl3\bin-int\release-windows-x86_64\sdl3\sdl_hints.obj
c:\wolfdev\wolfrenderer\wolfrenderer\wolfrenderer\vendor\sdl3\bin-int\release-windows-x86_64\sdl3\sdl_guid.obj
c:\wolfdev\wolfrenderer\wolfrenderer\wolfrenderer\vendor\sdl3\bin-int\release-windows-x86_64\sdl3\sdl_assert.obj
c:\wolfdev\wolfrenderer\wolfrenderer\wolfrenderer\vendor\sdl3\bin-int\release-windows-x86_64\sdl3\sdl.obj
c:\wolfdev\wolfrenderer\wolfrenderer\wolfrenderer\vendor\sdl3\bin-int\release-windows-x86_64\sdl3\sdl_xinputhaptic.obj
c:\wolfdev\wolfrenderer\wolfrenderer\wolfrenderer\vendor\sdl3\bin-int\release-windows-x86_64\sdl3\sdl_windowshaptic.obj
c:\wolfdev\wolfrenderer\wolfrenderer\wolfrenderer\vendor\sdl3\bin-int\release-windows-x86_64\sdl3\sdl_dinputhaptic.obj
c:\wolfdev\wolfrenderer\wolfrenderer\wolfrenderer\vendor\sdl3\bin-int\release-windows-x86_64\sdl3\sdl_syshaptic.obj
c:\wolfdev\wolfrenderer\wolfrenderer\wolfrenderer\vendor\sdl3\bin-int\release-windows-x86_64\sdl3\sdl_haptic.obj
c:\wolfdev\wolfrenderer\wolfrenderer\wolfrenderer\vendor\sdl3\bin-int\release-windows-x86_64\sdl3\sdl_sysfilesystem.obj
c:\wolfdev\wolfrenderer\wolfrenderer\wolfrenderer\vendor\sdl3\bin-int\release-windows-x86_64\sdl3\sdl_rwops.obj
c:\wolfdev\wolfrenderer\wolfrenderer\wolfrenderer\vendor\sdl3\bin-int\release-windows-x86_64\sdl3\sdl_windowevents.obj
c:\wolfdev\wolfrenderer\wolfrenderer\wolfrenderer\vendor\sdl3\bin-int\release-windows-x86_64\sdl3\sdl_touch.obj
c:\wolfdev\wolfrenderer\wolfrenderer\wolfrenderer\vendor\sdl3\bin-int\release-windows-x86_64\sdl3\sdl_quit.obj
c:\wolfdev\wolfrenderer\wolfrenderer\wolfrenderer\vendor\sdl3\bin-int\release-windows-x86_64\sdl3\sdl_mouse.obj
c:\wolfdev\wolfrenderer\wolfrenderer\wolfrenderer\vendor\sdl3\bin-int\release-windows-x86_64\sdl3\sdl_keyboard.obj
c:\wolfdev\wolfrenderer\wolfrenderer\wolfrenderer\vendor\sdl3\bin-int\release-windows-x86_64\sdl3\sdl_events.obj
c:\wolfdev\wolfrenderer\wolfrenderer\wolfrenderer\vendor\sdl3\bin-int\release-windows-x86_64\sdl3\sdl_dropevents.obj
c:\wolfdev\wolfrenderer\wolfrenderer\wolfrenderer\vendor\sdl3\bin-int\release-windows-x86_64\sdl3\sdl_displayevents.obj
c:\wolfdev\wolfrenderer\wolfrenderer\wolfrenderer\vendor\sdl3\bin-int\release-windows-x86_64\sdl3\sdl_clipboardevents.obj
c:\wolfdev\wolfrenderer\wolfrenderer\wolfrenderer\vendor\sdl3\bin-int\release-windows-x86_64\sdl3\sdl_cpuinfo.obj
c:\wolfdev\wolfrenderer\wolfrenderer\wolfrenderer\vendor\sdl3\bin-int\release-windows-x86_64\sdl3\sdl_xinput.obj
c:\wolfdev\wolfrenderer\wolfrenderer\wolfrenderer\vendor\sdl3\bin-int\release-windows-x86_64\sdl3\sdl_windows.obj
c:\wolfdev\wolfrenderer\wolfrenderer\wolfrenderer\vendor\sdl3\bin-int\release-windows-x86_64\sdl3\sdl_immdevice.obj
c:\wolfdev\wolfrenderer\wolfrenderer\wolfrenderer\vendor\sdl3\bin-int\release-windows-x86_64\sdl3\sdl_hidapi_xboxone.obj
c:\wolfdev\wolfrenderer\wolfrenderer\wolfrenderer\vendor\sdl3\bin-int\release-windows-x86_64\sdl3\sdl_hidapi_xbox360w.obj
c:\wolfdev\wolfrenderer\wolfrenderer\wolfrenderer\vendor\sdl3\bin-int\release-windows-x86_64\sdl3\sdl_hidapi_xbox360.obj
c:\wolfdev\wolfrenderer\wolfrenderer\wolfrenderer\vendor\sdl3\bin-int\release-windows-x86_64\sdl3\sdl_hidapi_wii.obj
c:\wolfdev\wolfrenderer\wolfrenderer\wolfrenderer\vendor\sdl3\bin-int\release-windows-x86_64\sdl3\sdl_hidapi_switch.obj
c:\wolfdev\wolfrenderer\wolfrenderer\wolfrenderer\vendor\sdl3\bin-int\release-windows-x86_64\sdl3\sdl_hidapi_steam.obj
c:\wolfdev\wolfrenderer\wolfrenderer\wolfrenderer\vendor\sdl3\bin-int\release-windows-x86_64\sdl3\sdl_hidapi_stadia.obj
c:\wolfdev\wolfrenderer\wolfrenderer\wolfrenderer\vendor\sdl3\bin-int\release-windows-x86_64\sdl3\sdl_hidapi_shield.obj
c:\wolfdev\wolfrenderer\wolfrenderer\wolfrenderer\vendor\sdl3\bin-int\release-windows-x86_64\sdl3\sdl_hidapi_rumble.obj
c:\wolfdev\wolfrenderer\wolfrenderer\wolfrenderer\vendor\sdl3\bin-int\release-windows-x86_64\sdl3\sdl_hidapi_ps5.obj
c:\wolfdev\wolfrenderer\wolfrenderer\wolfrenderer\vendor\sdl3\bin-int\release-windows-x86_64\sdl3\sdl_hidapi_ps4.obj
c:\wolfdev\wolfrenderer\wolfrenderer\wolfrenderer\vendor\sdl3\bin-int\release-windows-x86_64\sdl3\sdl_hidapi_ps3.obj
c:\wolfdev\wolfrenderer\wolfrenderer\wolfrenderer\vendor\sdl3\bin-int\release-windows-x86_64\sdl3\sdl_hidapi_luna.obj
c:\wolfdev\wolfrenderer\wolfrenderer\wolfrenderer\vendor\sdl3\bin-int\release-windows-x86_64\sdl3\sdl_hidapi_gamecube.obj
c:\wolfdev\wolfrenderer\wolfrenderer\wolfrenderer\vendor\sdl3\bin-int\release-windows-x86_64\sdl3\sdl_hidapi_combined.obj
c:\wolfdev\wolfrenderer\wolfrenderer\wolfrenderer\vendor\sdl3\bin-int\release-windows-x86_64\sdl3\sdl_sysjoystick.obj
c:\wolfdev\wolfrenderer\wolfrenderer\wolfrenderer\vendor\sdl3\bin-int\release-windows-x86_64\sdl3\controller_type.obj
c:\wolfdev\wolfrenderer\wolfrenderer\wolfrenderer\vendor\sdl3\bin-int\release-windows-x86_64\sdl3\sdl_joystick.obj
c:\wolfdev\wolfrenderer\wolfrenderer\wolfrenderer\vendor\sdl3\bin-int\release-windows-x86_64\sdl3\sdl_gamepad.obj
c:\wolfdev\wolfrenderer\wolfrenderer\wolfrenderer\vendor\sdl3\bin-int\release-windows-x86_64\sdl3\sdl_hidapi.obj
c:\wolfdev\wolfrenderer\wolfrenderer\wolfrenderer\vendor\sdl3\bin-int\release-windows-x86_64\sdl3\s_copysign.obj
c:\wolfdev\wolfrenderer\wolfrenderer\wolfrenderer\vendor\sdl3\bin-int\release-windows-x86_64\sdl3\s_atan.obj
c:\wolfdev\wolfrenderer\wolfrenderer\wolfrenderer\vendor\sdl3\bin-int\release-windows-x86_64\sdl3\k_tan.obj
c:\wolfdev\wolfrenderer\wolfrenderer\wolfrenderer\vendor\sdl3\bin-int\release-windows-x86_64\sdl3\k_sin.obj
c:\wolfdev\wolfrenderer\wolfrenderer\wolfrenderer\vendor\sdl3\bin-int\release-windows-x86_64\sdl3\k_rem_pio2.obj
c:\wolfdev\wolfrenderer\wolfrenderer\wolfrenderer\vendor\sdl3\bin-int\release-windows-x86_64\sdl3\k_cos.obj
c:\wolfdev\wolfrenderer\wolfrenderer\wolfrenderer\vendor\sdl3\bin-int\release-windows-x86_64\sdl3\e_sqrt.obj
c:\wolfdev\wolfrenderer\wolfrenderer\wolfrenderer\vendor\sdl3\bin-int\release-windows-x86_64\sdl3\e_rem_pio2.obj
c:\wolfdev\wolfrenderer\wolfrenderer\wolfrenderer\vendor\sdl3\bin-int\release-windows-x86_64\sdl3\e_log10.obj
c:\wolfdev\wolfrenderer\wolfrenderer\wolfrenderer\vendor\sdl3\bin-int\release-windows-x86_64\sdl3\e_log.obj
c:\wolfdev\wolfrenderer\wolfrenderer\wolfrenderer\vendor\sdl3\bin-int\release-windows-x86_64\sdl3\e_fmod.obj
c:\wolfdev\wolfrenderer\wolfrenderer\wolfrenderer\vendor\sdl3\bin-int\release-windows-x86_64\sdl3\e_exp.obj
c:\wolfdev\wolfrenderer\wolfrenderer\wolfrenderer\vendor\sdl3\bin-int\release-windows-x86_64\sdl3\e_atan2.obj
c:\wolfdev\wolfrenderer\wolfrenderer\wolfrenderer\vendor\sdl3\bin-int\release-windows-x86_64\sdl3\sdl_xinputjoystick.obj
c:\wolfdev\wolfrenderer\wolfrenderer\wolfrenderer\vendor\sdl3\bin-int\release-windows-x86_64\sdl3\sdl_windowsjoystick.obj
c:\wolfdev\wolfrenderer\wolfrenderer\wolfrenderer\vendor\sdl3\bin-int\release-windows-x86_64\sdl3\sdl_windows_gaming_input.obj
c:\wolfdev\wolfrenderer\wolfrenderer\wolfrenderer\vendor\sdl3\bin-int\release-windows-x86_64\sdl3\sdl_rawinputjoystick.obj
c:\wolfdev\wolfrenderer\wolfrenderer\wolfrenderer\vendor\sdl3\bin-int\release-windows-x86_64\sdl3\sdl_dinputjoystick.obj
c:\wolfdev\wolfrenderer\wolfrenderer\wolfrenderer\vendor\sdl3\bin-int\release-windows-x86_64\sdl3\sdl_virtualjoystick.obj
c:\wolfdev\wolfrenderer\wolfrenderer\wolfrenderer\vendor\sdl3\bin-int\release-windows-x86_64\sdl3\sdl_hidapijoystick.obj
c:\wolfdev\wolfrenderer\wolfrenderer\wolfrenderer\vendor\sdl3\bin-int\release-windows-x86_64\sdl3\sdl_render_d3d12.obj
c:\wolfdev\wolfrenderer\wolfrenderer\wolfrenderer\vendor\sdl3\bin-int\release-windows-x86_64\sdl3\sdl_shaders_d3d11.obj
c:\wolfdev\wolfrenderer\wolfrenderer\wolfrenderer\vendor\sdl3\bin-int\release-windows-x86_64\sdl3\sdl_render_d3d11.obj
c:\wolfdev\wolfrenderer\wolfrenderer\wolfrenderer\vendor\sdl3\bin-int\release-windows-x86_64\sdl3\sdl_shaders_d3d.obj
c:\wolfdev\wolfrenderer\wolfrenderer\wolfrenderer\vendor\sdl3\bin-int\release-windows-x86_64\sdl3\sdl_render_d3d.obj
c:\wolfdev\wolfrenderer\wolfrenderer\wolfrenderer\vendor\sdl3\bin-int\release-windows-x86_64\sdl3\sdl_render.obj
c:\wolfdev\wolfrenderer\wolfrenderer\wolfrenderer\vendor\sdl3\bin-int\release-windows-x86_64\sdl3\sdl_d3dmath.obj
c:\wolfdev\wolfrenderer\wolfrenderer\wolfrenderer\vendor\sdl3\bin-int\release-windows-x86_64\sdl3\sdl_syspower.obj
c:\wolfdev\wolfrenderer\wolfrenderer\wolfrenderer\vendor\sdl3\bin-int\release-windows-x86_64\sdl3\sdl_power.obj
c:\wolfdev\wolfrenderer\wolfrenderer\wolfrenderer\vendor\sdl3\bin-int\release-windows-x86_64\sdl3\sdl_url.obj
c:\wolfdev\wolfrenderer\wolfrenderer\wolfrenderer\vendor\sdl3\bin-int\release-windows-x86_64\sdl3\sdl_syslocale.obj
c:\wolfdev\wolfrenderer\wolfrenderer\wolfrenderer\vendor\sdl3\bin-int\release-windows-x86_64\sdl3\sdl_locale.obj
c:\wolfdev\wolfrenderer\wolfrenderer\wolfrenderer\vendor\sdl3\bin-int\release-windows-x86_64\sdl3\sdl_sysloadso.obj
c:\wolfdev\wolfrenderer\wolfrenderer\wolfrenderer\vendor\sdl3\bin-int\release-windows-x86_64\sdl3\s_tan.obj
c:\wolfdev\wolfrenderer\wolfrenderer\wolfrenderer\vendor\sdl3\bin-int\release-windows-x86_64\sdl3\s_sin.obj
c:\wolfdev\wolfrenderer\wolfrenderer\wolfrenderer\vendor\sdl3\bin-int\release-windows-x86_64\sdl3\s_scalbn.obj
c:\wolfdev\wolfrenderer\wolfrenderer\wolfrenderer\vendor\sdl3\bin-int\release-windows-x86_64\sdl3\s_modf.obj
c:\wolfdev\wolfrenderer\wolfrenderer\wolfrenderer\vendor\sdl3\bin-int\release-windows-x86_64\sdl3\s_floor.obj
c:\wolfdev\wolfrenderer\wolfrenderer\wolfrenderer\vendor\sdl3\bin-int\release-windows-x86_64\sdl3\s_fabs.obj
c:\wolfdev\wolfrenderer\wolfrenderer\wolfrenderer\vendor\sdl3\bin-int\release-windows-x86_64\sdl3\s_cos.obj
c:\wolfdev\wolfrenderer\wolfrenderer\wolfrenderer\vendor\sdl3\bin-int\release-windows-x86_64\sdl3\sdl_mslibc.obj
c:\wolfdev\wolfrenderer\wolfrenderer\wolfrenderer\vendor\sdl3\bin-int\release-windows-x86_64\sdl3\sdl_malloc.obj
c:\wolfdev\wolfrenderer\wolfrenderer\wolfrenderer\vendor\sdl3\bin-int\release-windows-x86_64\sdl3\sdl_iconv.obj
c:\wolfdev\wolfrenderer\wolfrenderer\wolfrenderer\vendor\sdl3\bin-int\release-windows-x86_64\sdl3\sdl_getenv.obj
c:\wolfdev\wolfrenderer\wolfrenderer\wolfrenderer\vendor\sdl3\bin-int\release-windows-x86_64\sdl3\sdl_crc32.obj
c:\wolfdev\wolfrenderer\wolfrenderer\wolfrenderer\vendor\sdl3\bin-int\release-windows-x86_64\sdl3\sdl_crc16.obj
c:\wolfdev\wolfrenderer\wolfrenderer\wolfrenderer\vendor\sdl3\bin-int\release-windows-x86_64\sdl3\sdl_dummysensor.obj
c:\wolfdev\wolfrenderer\wolfrenderer\wolfrenderer\vendor\sdl3\bin-int\release-windows-x86_64\sdl3\sdl_sensor.obj
c:\wolfdev\wolfrenderer\wolfrenderer\wolfrenderer\vendor\sdl3\bin-int\release-windows-x86_64\sdl3\sdl_triangle.obj
c:\wolfdev\wolfrenderer\wolfrenderer\wolfrenderer\vendor\sdl3\bin-int\release-windows-x86_64\sdl3\sdl_rotate.obj
c:\wolfdev\wolfrenderer\wolfrenderer\wolfrenderer\vendor\sdl3\bin-int\release-windows-x86_64\sdl3\sdl_render_sw.obj
c:\wolfdev\wolfrenderer\wolfrenderer\wolfrenderer\vendor\sdl3\bin-int\release-windows-x86_64\sdl3\sdl_drawpoint.obj
c:\wolfdev\wolfrenderer\wolfrenderer\wolfrenderer\vendor\sdl3\bin-int\release-windows-x86_64\sdl3\sdl_drawline.obj
c:\wolfdev\wolfrenderer\wolfrenderer\wolfrenderer\vendor\sdl3\bin-int\release-windows-x86_64\sdl3\sdl_blendpoint.obj
c:\wolfdev\wolfrenderer\wolfrenderer\wolfrenderer\vendor\sdl3\bin-int\release-windows-x86_64\sdl3\sdl_blendline.obj
c:\wolfdev\wolfrenderer\wolfrenderer\wolfrenderer\vendor\sdl3\bin-int\release-windows-x86_64\sdl3\sdl_blendfillrect.obj
c:\wolfdev\wolfrenderer\wolfrenderer\wolfrenderer\vendor\sdl3\bin-int\release-windows-x86_64\sdl3\sdl_render_gles2.obj
c:\wolfdev\wolfrenderer\wolfrenderer\wolfrenderer\vendor\sdl3\bin-int\release-windows-x86_64\sdl3\sdl_shaders_gl.obj
c:\wolfdev\wolfrenderer\wolfrenderer\wolfrenderer\vendor\sdl3\bin-int\release-windows-x86_64\sdl3\sdl_render_gl.obj
c:\wolfdev\wolfrenderer\wolfrenderer\wolfrenderer\vendor\sdl3\bin-int\release-windows-x86_64\sdl3\sdl_shaders_d3d12.obj
c:\wolfdev\wolfrenderer\wolfrenderer\wolfrenderer\vendor\sdl3\bin-int\release-windows-x86_64\sdl3\sdl_blit_a.obj
c:\wolfdev\wolfrenderer\wolfrenderer\wolfrenderer\vendor\sdl3\bin-int\release-windows-x86_64\sdl3\sdl_blit_1.obj
c:\wolfdev\wolfrenderer\wolfrenderer\wolfrenderer\vendor\sdl3\bin-int\release-windows-x86_64\sdl3\sdl_blit_0.obj
c:\wolfdev\wolfrenderer\wolfrenderer\wolfrenderer\vendor\sdl3\bin-int\release-windows-x86_64\sdl3\sdl_blit.obj
c:\wolfdev\wolfrenderer\wolfrenderer\wolfrenderer\vendor\sdl3\bin-int\release-windows-x86_64\sdl3\sdl_rleaccel.obj
c:\wolfdev\wolfrenderer\wolfrenderer\wolfrenderer\vendor\sdl3\bin-int\release-windows-x86_64\sdl3\sdl_systimer.obj
c:\wolfdev\wolfrenderer\wolfrenderer\wolfrenderer\vendor\sdl3\bin-int\release-windows-x86_64\sdl3\sdl_timer.obj
c:\wolfdev\wolfrenderer\wolfrenderer\wolfrenderer\vendor\sdl3\bin-int\release-windows-x86_64\sdl3\sdl_systls.obj
c:\wolfdev\wolfrenderer\wolfrenderer\wolfrenderer\vendor\sdl3\bin-int\release-windows-x86_64\sdl3\sdl_systhread.obj
c:\wolfdev\wolfrenderer\wolfrenderer\wolfrenderer\vendor\sdl3\bin-int\release-windows-x86_64\sdl3\sdl_syssem.obj
c:\wolfdev\wolfrenderer\wolfrenderer\wolfrenderer\vendor\sdl3\bin-int\release-windows-x86_64\sdl3\sdl_sysrwlock_srw.obj
c:\wolfdev\wolfrenderer\wolfrenderer\wolfrenderer\vendor\sdl3\bin-int\release-windows-x86_64\sdl3\sdl_sysmutex.obj
c:\wolfdev\wolfrenderer\wolfrenderer\wolfrenderer\vendor\sdl3\bin-int\release-windows-x86_64\sdl3\sdl_syscond_cv.obj
c:\wolfdev\wolfrenderer\wolfrenderer\wolfrenderer\vendor\sdl3\bin-int\release-windows-x86_64\sdl3\sdl_sysrwlock.obj
c:\wolfdev\wolfrenderer\wolfrenderer\wolfrenderer\vendor\sdl3\bin-int\release-windows-x86_64\sdl3\sdl_syscond.obj
c:\wolfdev\wolfrenderer\wolfrenderer\wolfrenderer\vendor\sdl3\bin-int\release-windows-x86_64\sdl3\sdl_thread.obj
c:\wolfdev\wolfrenderer\wolfrenderer\wolfrenderer\vendor\sdl3\bin-int\release-windows-x86_64\sdl3\sdl_strtokr.obj
c:\wolfdev\wolfrenderer\wolfrenderer\wolfrenderer\vendor\sdl3\bin-int\release-windows-x86_64\sdl3\sdl_string.obj
c:\wolfdev\wolfrenderer\wolfrenderer\wolfrenderer\vendor\sdl3\bin-int\release-windows-x86_64\sdl3\sdl_stdlib.obj
c:\wolfdev\wolfrenderer\wolfrenderer\wolfrenderer\vendor\sdl3\bin-int\release-windows-x86_64\sdl3\sdl_qsort.obj
c:\wolfdev\wolfrenderer\wolfrenderer\wolfrenderer\vendor\sdl3\bin-int\release-windows-x86_64\sdl3\sdl_windowsclipboard.obj
c:\wolfdev\wolfrenderer\wolfrenderer\wolfrenderer\vendor\sdl3\bin-int\release-windows-x86_64\sdl3\sdl_nullvideo.obj
c:\wolfdev\wolfrenderer\wolfrenderer\wolfrenderer\vendor\sdl3\bin-int\release-windows-x86_64\sdl3\sdl_nullframebuffer.obj
c:\wolfdev\wolfrenderer\wolfrenderer\wolfrenderer\vendor\sdl3\bin-int\release-windows-x86_64\sdl3\sdl_nullevents.obj
c:\wolfdev\wolfrenderer\wolfrenderer\wolfrenderer\vendor\sdl3\bin-int\release-windows-x86_64\sdl3\sdl_yuv.obj
c:\wolfdev\wolfrenderer\wolfrenderer\wolfrenderer\vendor\sdl3\bin-int\release-windows-x86_64\sdl3\sdl_vulkan_utils.obj
c:\wolfdev\wolfrenderer\wolfrenderer\wolfrenderer\vendor\sdl3\bin-int\release-windows-x86_64\sdl3\sdl_video.obj
c:\wolfdev\wolfrenderer\wolfrenderer\wolfrenderer\vendor\sdl3\bin-int\release-windows-x86_64\sdl3\sdl_surface.obj
c:\wolfdev\wolfrenderer\wolfrenderer\wolfrenderer\vendor\sdl3\bin-int\release-windows-x86_64\sdl3\sdl_stretch.obj
c:\wolfdev\wolfrenderer\wolfrenderer\wolfrenderer\vendor\sdl3\bin-int\release-windows-x86_64\sdl3\sdl_shape.obj
c:\wolfdev\wolfrenderer\wolfrenderer\wolfrenderer\vendor\sdl3\bin-int\release-windows-x86_64\sdl3\sdl_rect.obj
c:\wolfdev\wolfrenderer\wolfrenderer\wolfrenderer\vendor\sdl3\bin-int\release-windows-x86_64\sdl3\sdl_pixels.obj
c:\wolfdev\wolfrenderer\wolfrenderer\wolfrenderer\vendor\sdl3\bin-int\release-windows-x86_64\sdl3\sdl_fillrect.obj
c:\wolfdev\wolfrenderer\wolfrenderer\wolfrenderer\vendor\sdl3\bin-int\release-windows-x86_64\sdl3\sdl_egl.obj
c:\wolfdev\wolfrenderer\wolfrenderer\wolfrenderer\vendor\sdl3\bin-int\release-windows-x86_64\sdl3\sdl_clipboard.obj
c:\wolfdev\wolfrenderer\wolfrenderer\wolfrenderer\vendor\sdl3\bin-int\release-windows-x86_64\sdl3\sdl_bmp.obj
c:\wolfdev\wolfrenderer\wolfrenderer\wolfrenderer\vendor\sdl3\bin-int\release-windows-x86_64\sdl3\sdl_blit_slow.obj
c:\wolfdev\wolfrenderer\wolfrenderer\wolfrenderer\vendor\sdl3\bin-int\release-windows-x86_64\sdl3\sdl_blit_copy.obj
c:\wolfdev\wolfrenderer\wolfrenderer\wolfrenderer\vendor\sdl3\bin-int\release-windows-x86_64\sdl3\sdl_blit_auto.obj
c:\wolfdev\wolfrenderer\wolfrenderer\wolfrenderer\vendor\sdl3\bin-int\release-windows-x86_64\sdl3\sdl_blit_n.obj
c:\wolfdev\wolfrenderer\wolfrenderer\wolfrenderer\vendor\sdl3\bin-int\release-windows-x86_64\sdl3\yuv_rgb.obj
c:\wolfdev\wolfrenderer\wolfrenderer\wolfrenderer\vendor\sdl3\bin-int\release-windows-x86_64\sdl3\sdl_windowswindow.obj
c:\wolfdev\wolfrenderer\wolfrenderer\wolfrenderer\vendor\sdl3\bin-int\release-windows-x86_64\sdl3\sdl_windowsvulkan.obj
c:\wolfdev\wolfrenderer\wolfrenderer\wolfrenderer\vendor\sdl3\bin-int\release-windows-x86_64\sdl3\sdl_windowsvideo.obj
c:\wolfdev\wolfrenderer\wolfrenderer\wolfrenderer\vendor\sdl3\bin-int\release-windows-x86_64\sdl3\sdl_windowsshape.obj
c:\wolfdev\wolfrenderer\wolfrenderer\wolfrenderer\vendor\sdl3\bin-int\release-windows-x86_64\sdl3\sdl_windowsopengles.obj
c:\wolfdev\wolfrenderer\wolfrenderer\wolfrenderer\vendor\sdl3\bin-int\release-windows-x86_64\sdl3\sdl_windowsopengl.obj
c:\wolfdev\wolfrenderer\wolfrenderer\wolfrenderer\vendor\sdl3\bin-int\release-windows-x86_64\sdl3\sdl_windowsmouse.obj
c:\wolfdev\wolfrenderer\wolfrenderer\wolfrenderer\vendor\sdl3\bin-int\release-windows-x86_64\sdl3\sdl_windowsmodes.obj
c:\wolfdev\wolfrenderer\wolfrenderer\wolfrenderer\vendor\sdl3\bin-int\release-windows-x86_64\sdl3\sdl_windowsmessagebox.obj
c:\wolfdev\wolfrenderer\wolfrenderer\wolfrenderer\vendor\sdl3\bin-int\release-windows-x86_64\sdl3\sdl_windowskeyboard.obj
c:\wolfdev\wolfrenderer\wolfrenderer\wolfrenderer\vendor\sdl3\bin-int\release-windows-x86_64\sdl3\sdl_windowsframebuffer.obj
c:\wolfdev\wolfrenderer\wolfrenderer\wolfrenderer\vendor\sdl3\bin-int\release-windows-x86_64\sdl3\sdl_windowsevents.obj
c:\wolfdev\wolfrenderer\wolfrenderer\wolfrenderer\vendor\sdl3\bin\release-windows-x86_64\sdl3\sdl3.lib
c:\wolfdev\wolfrenderer\wolfrenderer\wolfrenderer\vendor\sdl3\bin-int\release-windows-x86_64\sdl3\version.res
c:\wolfdev\wolfrenderer\wolfrenderer\wolfrenderer\vendor\sdl3\bin-int\release-windows-x86_64\sdl3\sdl3.tlog\cl.command.1.tlog
c:\wolfdev\wolfrenderer\wolfrenderer\wolfrenderer\vendor\sdl3\bin-int\release-windows-x86_64\sdl3\sdl3.tlog\cl.items.tlog
c:\wolfdev\wolfrenderer\wolfrenderer\wolfrenderer\vendor\sdl3\bin-int\release-windows-x86_64\sdl3\sdl3.tlog\cl.read.1.tlog
c:\wolfdev\wolfrenderer\wolfrenderer\wolfrenderer\vendor\sdl3\bin-int\release-windows-x86_64\sdl3\sdl3.tlog\cl.write.1.tlog
c:\wolfdev\wolfrenderer\wolfrenderer\wolfrenderer\vendor\sdl3\bin-int\release-windows-x86_64\sdl3\sdl3.tlog\lib-link-cvtres.read.1.tlog
c:\wolfdev\wolfrenderer\wolfrenderer\wolfrenderer\vendor\sdl3\bin-int\release-windows-x86_64\sdl3\sdl3.tlog\lib-link-cvtres.write.1.tlog
c:\wolfdev\wolfrenderer\wolfrenderer\wolfrenderer\vendor\sdl3\bin-int\release-windows-x86_64\sdl3\sdl3.tlog\lib.command.1.tlog
c:\wolfdev\wolfrenderer\wolfrenderer\wolfrenderer\vendor\sdl3\bin-int\release-windows-x86_64\sdl3\sdl3.tlog\rc.command.1.tlog
c:\wolfdev\wolfrenderer\wolfrenderer\wolfrenderer\vendor\sdl3\bin-int\release-windows-x86_64\sdl3\sdl3.tlog\rc.read.1.tlog
c:\wolfdev\wolfrenderer\wolfrenderer\wolfrenderer\vendor\sdl3\bin-int\release-windows-x86_64\sdl3\sdl3.tlog\rc.write.1.tlog
